Info: CapabilityPattern:ATDD: 468 mini seconds publishing element
Info: CapabilityPattern:ATDD: 1263 mini seconds publishing process specific layout data
Info: Phase:Apresentar: 359 mini seconds publishing element
Info: Task:verificar_a_historia: 47 mini seconds publishing element
Info: TaskDescriptor:verificar_a_historia: 15 mini seconds publishing element
Info: Role:product_owner: 63 mini seconds publishing element
Info: RoleDescriptor:product_owner: 15 mini seconds publishing element
Info: Role:equipe_multifuncional: 63 mini seconds publishing element
Info: RoleDescriptor:equipe_multifuncional: 15 mini seconds publishing element
Info: Artifact:testes_realizados: 32 mini seconds publishing element
Info: WorkProductDescriptor:testes_realizados: 15 mini seconds publishing element
Info: Outcome:alteracao_nos_testes_existentes: 31 mini seconds publishing element
Info: WorkProductDescriptor:alteracao_nos_testes_existentes: 16 mini seconds publishing element
Info: Outcome:nova_historia: 31 mini seconds publishing element
Info: WorkProductDescriptor:nova_historia: 16 mini seconds publishing element
Info: Phase:Debater: 515 mini seconds publishing element
Info: Task:historias_de_usuario: 46 mini seconds publishing element
Info: TaskDescriptor:historias_de_usuario: 0 mini seconds publishing element
Info: Role:equipe_multifuncional: 78 mini seconds publishing element
Info: RoleDescriptor:equipe_multifuncional: 16 mini seconds publishing element
Info: Role:product_owner: 78 mini seconds publishing element
Info: RoleDescriptor:product_owner: 0 mini seconds publishing element
Info: Role:outro: 46 mini seconds publishing element
Info: RoleDescriptor:outro: 0 mini seconds publishing element
Info: Artifact:perguntas: 47 mini seconds publishing element
Info: WorkProductDescriptor:perguntas: 0 mini seconds publishing element
Info: Outcome:historia_de_usuario: 31 mini seconds publishing element
Info: WorkProductDescriptor:historia_de_usuario: 16 mini seconds publishing element
Info: Phase:Implementar: 312 mini seconds publishing element
Info: Task:testes_unitarios: 31 mini seconds publishing element
Info: TaskDescriptor:testes_unitarios: 16 mini seconds publishing element
Info: Role:equipe_multifuncional: 93 mini seconds publishing element
Info: RoleDescriptor:equipe_multifuncional: 16 mini seconds publishing element
Info: Artifact:condicoes_propostas: 31 mini seconds publishing element
Info: WorkProductDescriptor:condicoes_propostas: 16 mini seconds publishing element
Info: Artifact:expectativas_existentes: 31 mini seconds publishing element
Info: WorkProductDescriptor:expectativas_existentes: 0 mini seconds publishing element
Info: Outcome:testes_executados: 31 mini seconds publishing element
Info: WorkProductDescriptor:testes_executados: 16 mini seconds publishing element
Info: Phase:Refinar: 265 mini seconds publishing element
Info: Task:organizar_os_testes_de_aceitacao: 31 mini seconds publishing element
Info: TaskDescriptor:organizar_os_testes_de_aceitacao: 16 mini seconds publishing element
Info: RoleDescriptor:equipe_multifuncional: 15 mini seconds publishing element
Info: Artifact:historia_de_usuario: 32 mini seconds publishing element
Info: WorkProductDescriptor:historia_de_usuario: 0 mini seconds publishing element
Info: Outcome:teste_automatizado: 31 mini seconds publishing element
Info: WorkProductDescriptor:teste_automatizado: 15 mini seconds publishing element
Info: CapabilityPattern:apresentar: 297 mini seconds publishing element
Info: CapabilityPattern:apresentar: 171 mini seconds publishing process specific layout data
Info: TaskDescriptor:verificar_a_historia: 0 mini seconds publishing element
Info: RoleDescriptor:product_owner: 16 mini seconds publishing element
Info: RoleDescriptor:equipe_multifuncional: 0 mini seconds publishing element
Info: WorkProductDescriptor:testes_realizados: 16 mini seconds publishing element
Info: WorkProductDescriptor:alteracao_nos_testes_existentes: 0 mini seconds publishing element
Info: WorkProductDescriptor:nova_historia: 0 mini seconds publishing element
Info: CapabilityPattern:Debater: 406 mini seconds publishing element
Info: CapabilityPattern:Debater: 296 mini seconds publishing process specific layout data
Info: TaskDescriptor:historias_de_usuario: 16 mini seconds publishing element
Info: RoleDescriptor:equipe_multifuncional: 0 mini seconds publishing element
Info: RoleDescriptor:product_owner: 15 mini seconds publishing element
Info: RoleDescriptor:outro: 0 mini seconds publishing element
Info: WorkProductDescriptor:perguntas: 16 mini seconds publishing element
Info: WorkProductDescriptor:historia_de_usuario: 0 mini seconds publishing element
Info: CapabilityPattern:Implementar: 265 mini seconds publishing element
Info: CapabilityPattern:Implementar: 141 mini seconds publishing process specific layout data
Info: TaskDescriptor:testes_unitarios: 15 mini seconds publishing element
Info: RoleDescriptor:equipe_multifuncional: 0 mini seconds publishing element
Info: WorkProductDescriptor:condicoes_propostas: 16 mini seconds publishing element
Info: WorkProductDescriptor:expectativas_existentes: 0 mini seconds publishing element
Info: WorkProductDescriptor:testes_executados: 15 mini seconds publishing element
Info: CapabilityPattern:Refinar: 266 mini seconds publishing element
Info: CapabilityPattern:Refinar: 171 mini seconds publishing process specific layout data
Info: TaskDescriptor:organizar_os_testes_de_aceitacao: 0 mini seconds publishing element
Info: RoleDescriptor:equipe_multifuncional: 16 mini seconds publishing element
Info: WorkProductDescriptor:historia_de_usuario: 0 mini seconds publishing element
Info: WorkProductDescriptor:teste_automatizado: 0 mini seconds publishing element
Info: DeliveryProcess:ATDD: 250 mini seconds publishing element
Info: DeliveryProcess:ATDD: 983 mini seconds publishing process specific layout data
Info: CapabilityPattern:ATDD: 296 mini seconds publishing element
Info: Phase:Apresentar: 265 mini seconds publishing element
Info: TaskDescriptor:verificar_a_historia: 16 mini seconds publishing element
Info: RoleDescriptor:product_owner: 0 mini seconds publishing element
Info: RoleDescriptor:equipe_multifuncional: 0 mini seconds publishing element
Info: WorkProductDescriptor:testes_realizados: 0 mini seconds publishing element
Info: WorkProductDescriptor:alteracao_nos_testes_existentes: 0 mini seconds publishing element
Info: WorkProductDescriptor:nova_historia: 16 mini seconds publishing element
Info: Phase:Debater: 327 mini seconds publishing element
Info: TaskDescriptor:historias_de_usuario: 16 mini seconds publishing element
Info: RoleDescriptor:equipe_multifuncional: 0 mini seconds publishing element
Info: RoleDescriptor:product_owner: 16 mini seconds publishing element
Info: RoleDescriptor:outro: 0 mini seconds publishing element
Info: WorkProductDescriptor:perguntas: 0 mini seconds publishing element
Info: WorkProductDescriptor:historia_de_usuario: 0 mini seconds publishing element
Info: Phase:Implementar: 421 mini seconds publishing element
Info: TaskDescriptor:testes_unitarios: 16 mini seconds publishing element
Info: RoleDescriptor:equipe_multifuncional: 0 mini seconds publishing element
Info: WorkProductDescriptor:condicoes_propostas: 16 mini seconds publishing element
Info: WorkProductDescriptor:expectativas_existentes: 0 mini seconds publishing element
Info: WorkProductDescriptor:testes_executados: 20 mini seconds publishing element
Info: Phase:Refinar: 221 mini seconds publishing element
Info: TaskDescriptor:organizar_os_testes_de_aceitacao: 0 mini seconds publishing element
Info: RoleDescriptor:equipe_multifuncional: 15 mini seconds publishing element
Info: WorkProductDescriptor:historia_de_usuario: 0 mini seconds publishing element
Info: WorkProductDescriptor:teste_automatizado: 16 mini seconds publishing element
Info: DeliveryProcess:ciclo: 234 mini seconds publishing element
Info: DeliveryProcess:ciclo: 858 mini seconds publishing process specific layout data
Info: CapabilityPattern:ATDD: 296 mini seconds publishing element
Info: CustomCategory:category: 15 mini seconds publishing element
Info: CustomCategory:etapas: 16 mini seconds publishing element
Info: CustomCategory:ciclo: 16 mini seconds publishing element
Info: : Publishing time: 0 minutes 15 seconds
