Warning: DeliveryProcess:ciclo: missing resource file './../../projeto_atdd/deliveryprocesses/Apresentar os resultados dos testes de aceita&ccedil;&atilde;o_13634F15.html'
Warning: DeliveryProcess:ciclo: missing resource file './../../projeto_atdd/deliveryprocesses/Implementar o c&oacute;digo_121718B0.html'
Warning: DeliveryProcess:ciclo: missing resource file './../../projeto_atdd/deliveryprocesses/Refinar os Testes de Aceita&ccedil;&atilde;o_CF80012E.html'
Warning: DeliveryProcess:ciclo: missing resource file './../../projeto_atdd/deliveryprocesses/Apresentar os resultados dos testes de aceita&ccedil;&atilde;o_13634F15.html'
Warning: DeliveryProcess:ciclo: missing resource file './../../projeto_atdd/deliveryprocesses/Implementar o c&oacute;digo_121718B0.html'
Warning: DeliveryProcess:ciclo: missing resource file './../../projeto_atdd/deliveryprocesses/Refinar os Testes de Aceita&ccedil;&atilde;o_CF80012E.html'
Warning: CapabilityPattern:Apresentar os resultados dos testes de aceitação: missing resource file './../../projeto_atdd/deliveryprocesses/resources/Apresentar os resultados dos testes de aceita&ccedil;&atilde;o_13634F15_Activity.jpeg'
Warning: CapabilityPattern:Apresentar os resultados dos testes de aceitação: missing resource file './../../projeto_atdd/deliveryprocesses/resources/Apresentar os resultados dos testes de aceita&ccedil;&atilde;o_13634F15_ActivityDetail.jpeg'
Warning: CapabilityPattern:Apresentar os resultados dos testes de aceitação: missing resource file './../../projeto_atdd/capabilitypatterns/Apresentar os resultados dos testes de aceita&ccedil;&atilde;o_9A3923FC.html'
Warning: CapabilityPattern:Apresentar os resultados dos testes de aceitação: missing resource file './../../projeto_atdd/capabilitypatterns/Apresentar os resultados dos testes de aceita&ccedil;&atilde;o_9A3923FC.html'
Warning: CapabilityPattern:Apresentar os resultados dos testes de aceitação: missing resource file './../../projeto_atdd/capabilitypatterns/Apresentar os resultados dos testes de aceita&ccedil;&atilde;o_9A3923FC.html'
Warning: CapabilityPattern:Apresentar os resultados dos testes de aceitação: missing resource file './../../projeto_atdd/capabilitypatterns/Apresentar os resultados dos testes de aceita&ccedil;&atilde;o_9A3923FC.html'
Warning: CapabilityPattern:Apresentar os resultados dos testes de aceitação: missing resource file './../../projeto_atdd/deliveryprocesses/resources/Apresentar os resultados dos testes de aceita&ccedil;&atilde;o_13634F15_Activity.jpeg'
Warning: CapabilityPattern:Apresentar os resultados dos testes de aceitação: missing resource file './../../projeto_atdd/deliveryprocesses/resources/Apresentar os resultados dos testes de aceita&ccedil;&atilde;o_13634F15_ActivityDetail.jpeg'
Warning: CapabilityPattern:Apresentar os resultados dos testes de aceitação: missing resource file './../../projeto_atdd/capabilitypatterns/Apresentar os resultados dos testes de aceita&ccedil;&atilde;o_9A3923FC.html'
Warning: CapabilityPattern:Implementar o código: missing resource file './../../projeto_atdd/deliveryprocesses/resources/Implementar o c&oacute;digo_121718B0_Activity.jpeg'
Warning: CapabilityPattern:Implementar o código: missing resource file './../../projeto_atdd/deliveryprocesses/resources/Implementar o c&oacute;digo_121718B0_ActivityDetail.jpeg'
Warning: CapabilityPattern:Implementar o código: missing resource file './../../projeto_atdd/capabilitypatterns/Implementar o c&oacute;digo_AECB9008.html'
Warning: CapabilityPattern:Implementar o código: missing resource file './../../projeto_atdd/capabilitypatterns/Implementar o c&oacute;digo_AECB9008.html'
Warning: CapabilityPattern:Implementar o código: missing resource file './../../projeto_atdd/capabilitypatterns/Implementar o c&oacute;digo_AECB9008.html'
Warning: CapabilityPattern:Implementar o código: missing resource file './../../projeto_atdd/capabilitypatterns/Implementar o c&oacute;digo_AECB9008.html'
Warning: CapabilityPattern:Implementar o código: missing resource file './../../projeto_atdd/deliveryprocesses/resources/Implementar o c&oacute;digo_121718B0_Activity.jpeg'
Warning: CapabilityPattern:Implementar o código: missing resource file './../../projeto_atdd/deliveryprocesses/resources/Implementar o c&oacute;digo_121718B0_ActivityDetail.jpeg'
Warning: CapabilityPattern:Implementar o código: missing resource file './../../projeto_atdd/capabilitypatterns/Implementar o c&oacute;digo_AECB9008.html'
Warning: CapabilityPattern:Refinar os Testes de Aceitação: missing resource file './../../projeto_atdd/deliveryprocesses/resources/Refinar os Testes de Aceita&ccedil;&atilde;o_CF80012E_Activity.jpeg'
Warning: CapabilityPattern:Refinar os Testes de Aceitação: missing resource file './../../projeto_atdd/deliveryprocesses/resources/Refinar os Testes de Aceita&ccedil;&atilde;o_CF80012E_ActivityDetail.jpeg'
Warning: CapabilityPattern:Refinar os Testes de Aceitação: missing resource file './../../projeto_atdd/capabilitypatterns/Refinar os Testes de Aceita&ccedil;&atilde;o_DB03C5.html'
Warning: CapabilityPattern:Refinar os Testes de Aceitação: missing resource file './../../projeto_atdd/capabilitypatterns/Refinar os Testes de Aceita&ccedil;&atilde;o_DB03C5.html'
Warning: CapabilityPattern:Refinar os Testes de Aceitação: missing resource file './../../projeto_atdd/capabilitypatterns/Refinar os Testes de Aceita&ccedil;&atilde;o_DB03C5.html'
Warning: CapabilityPattern:Refinar os Testes de Aceitação: missing resource file './../../projeto_atdd/capabilitypatterns/Refinar os Testes de Aceita&ccedil;&atilde;o_DB03C5.html'
Warning: CapabilityPattern:Refinar os Testes de Aceitação: missing resource file './../../projeto_atdd/deliveryprocesses/resources/Refinar os Testes de Aceita&ccedil;&atilde;o_CF80012E_Activity.jpeg'
Warning: CapabilityPattern:Refinar os Testes de Aceitação: missing resource file './../../projeto_atdd/deliveryprocesses/resources/Refinar os Testes de Aceita&ccedil;&atilde;o_CF80012E_ActivityDetail.jpeg'
Warning: CapabilityPattern:Refinar os Testes de Aceitação: missing resource file './../../projeto_atdd/capabilitypatterns/Refinar os Testes de Aceita&ccedil;&atilde;o_DB03C5.html'
